2025-03-28 09:55:29,129 - INFO - [31m[1mWARNING: This is a development server. Do not use it in a production deployment. Use a production WSGI server instead.[0m
 * Running on all addresses (0.0.0.0)
 * Running on http://127.0.0.1:5000
 * Running on http://192.168.1.38:5000
2025-03-28 09:55:29,129 - INFO - [33mPress CTRL+C to quit[0m
2025-03-28 09:56:20,841 - INFO - <BrokerConnection client_id=kafka-python-2.1.3, node_id=bootstrap-0 host=localhost:9092 <connecting> [IPv6 ('::1', 9092, 0, 0)]>: connecting to localhost:9092 [('::1', 9092, 0, 0) IPv6]
2025-03-28 09:56:20,852 - INFO - Broker version identified as 2.6
2025-03-28 09:56:20,853 - INFO - <BrokerConnection client_id=kafka-python-2.1.3, node_id=bootstrap-0 host=localhost:9092 <checking_api_versions_recv> [IPv6 ('::1', 9092, 0, 0)]>: Connection complete.
2025-03-28 09:56:20,854 - INFO - Updating subscribed topics to: ('task_events',)
2025-03-28 09:56:20,854 - INFO - Kafka consumer is running...
2025-03-28 09:56:20,859 - INFO - <BrokerConnection client_id=kafka-python-2.1.3, node_id=1 host=localhost:9092 <connecting> [IPv6 ('::1', 9092, 0, 0)]>: connecting to localhost:9092 [('::1', 9092, 0, 0) IPv6]
2025-03-28 09:56:20,859 - INFO - <BrokerConnection client_id=kafka-python-2.1.3, node_id=1 host=localhost:9092 <checking_api_versions_send> [IPv6 ('::1', 9092, 0, 0)]>: Connection complete.
2025-03-28 09:56:20,859 - INFO - <BrokerConnection client_id=kafka-python-2.1.3, node_id=bootstrap-0 host=localhost:9092 <connected> [IPv6 ('::1', 9092, 0, 0)]>: Closing connection. 
2025-03-28 09:56:20,966 - INFO - Group coordinator for task_manager_group is BrokerMetadata(nodeId='coordinator-1', host='localhost', port=9092, rack=None)
2025-03-28 09:56:20,966 - INFO - Discovered coordinator coordinator-1 for group task_manager_group
2025-03-28 09:56:20,966 - INFO - Starting new heartbeat thread
2025-03-28 09:56:20,967 - INFO - Revoking previously assigned partitions set() for group task_manager_group
2025-03-28 09:56:20,968 - INFO - <BrokerConnection client_id=kafka-python-2.1.3, node_id=coordinator-1 host=localhost:9092 <connecting> [IPv6 ('::1', 9092, 0, 0)]>: connecting to localhost:9092 [('::1', 9092, 0, 0) IPv6]
2025-03-28 09:56:20,969 - INFO - <BrokerConnection client_id=kafka-python-2.1.3, node_id=coordinator-1 host=localhost:9092 <checking_api_versions_send> [IPv6 ('::1', 9092, 0, 0)]>: Connection complete.
2025-03-28 09:56:21,070 - INFO - (Re-)joining group task_manager_group
2025-03-28 09:56:24,083 - INFO - Elected group leader -- performing partition assignments using range
2025-03-28 09:56:24,092 - INFO - Successfully joined group task_manager_group with generation 3
2025-03-28 09:56:24,092 - INFO - Updated partition assignment: [TopicPartition(topic='task_events', partition=0)]
2025-03-28 09:56:24,093 - INFO - Setting newly assigned partitions {TopicPartition(topic='task_events', partition=0)} for group task_manager_group
2025-03-28 10:00:29,129 - INFO - <BrokerConnection client_id=kafka-python-producer-1, node_id=1 host=localhost:9092 <connecting> [IPv6 ('::1', 9092, 0, 0)]>: connecting to localhost:9092 [('::1', 9092, 0, 0) IPv6]
2025-03-28 10:00:29,130 - INFO - <BrokerConnection client_id=kafka-python-producer-1, node_id=1 host=localhost:9092 <checking_api_versions_send> [IPv6 ('::1', 9092, 0, 0)]>: Connection complete.
2025-03-28 10:00:29,130 - INFO - <BrokerConnection client_id=kafka-python-producer-1, node_id=bootstrap-0 host=localhost:9092 <connected> [IPv6 ('::1', 9092, 0, 0)]>: Closing connection. 
2025-03-28 10:36:30,317 - INFO - Stopping heartbeat thread
